<?xml version="1.0" encoding="UTF-8"?>
<testng-results skipped="0" failed="0" ignored="0" total="6" passed="6">
  <reporter-output>
  </reporter-output>
  <suite name="Qualitest" duration-ms="359105" started-at="2019-07-26T02:53:31Z" finished-at="2019-07-26T02:59:30Z">
    <groups>
      <group name="cucumber">
        <method signature="AbstractTestNGCucumberTests.runScenario(io.cucumber.testng.PickleEventWrapper, io.cucumber.testng.CucumberFeatureWrapper)[pri:0, instance:phptravels.runners.TestRunner@6276ae34]" name="runScenario" class="io.cucumber.testng.AbstractTestNGCucumberTests"/>
      </group> <!-- cucumber -->
    </groups>
    <test name="PhpTravels" duration-ms="359105" started-at="2019-07-26T02:53:31Z" finished-at="2019-07-26T02:59:30Z">
      <class name="phptravels.runners.TestRunner">
        <test-method status="PASS" signature="setUpClass()[pri:0, instance:phptravels.runners.TestRunner@6276ae34]" name="setUpClass" is-config="true" duration-ms="255" started-at="2019-07-26T02:53:31Z" finished-at="2019-07-26T02:53:31Z">
          <reporter-output>
          </reporter-output>
        </test-method> <!-- setUpClass -->
        <test-method status="PASS" signature="runScenario(io.cucumber.testng.PickleEventWrapper, io.cucumber.testng.CucumberFeatureWrapper)[pri:0, instance:phptravels.runners.TestRunner@6276ae34]" name="runScenario" duration-ms="32672" started-at="2019-07-26T02:53:32Z" description="Runs Cucumber Scenarios" data-provider="scenarios" finished-at="2019-07-26T02:54:04Z">
          <params>
            <param index="0">
              <value>
                <![CDATA["Create new customer"]]>
              </value>
            </param>
            <param index="1">
              <value>
                <![CDATA["PhpTravels Test"]]>
              </value>
            </param>
          </params>
          <reporter-output>
          </reporter-output>
        </test-method> <!-- runScenario -->
        <test-method status="PASS" signature="runScenario(io.cucumber.testng.PickleEventWrapper, io.cucumber.testng.CucumberFeatureWrapper)[pri:0, instance:phptravels.runners.TestRunner@6276ae34]" name="runScenario" duration-ms="11100" started-at="2019-07-26T02:54:04Z" description="Runs Cucumber Scenarios" data-provider="scenarios" finished-at="2019-07-26T02:54:15Z">
          <params>
            <param index="0">
              <value>
                <![CDATA["Search Hotels as Guest User"]]>
              </value>
            </param>
            <param index="1">
              <value>
                <![CDATA["PhpTravels Test"]]>
              </value>
            </param>
          </params>
          <reporter-output>
          </reporter-output>
        </test-method> <!-- runScenario -->
        <test-method status="PASS" signature="runScenario(io.cucumber.testng.PickleEventWrapper, io.cucumber.testng.CucumberFeatureWrapper)[pri:0, instance:phptravels.runners.TestRunner@6276ae34]" name="runScenario" duration-ms="259819" started-at="2019-07-26T02:54:15Z" description="Runs Cucumber Scenarios" data-provider="scenarios" finished-at="2019-07-26T02:58:35Z">
          <params>
            <param index="0">
              <value>
                <![CDATA["Search Flights as Guest User"]]>
              </value>
            </param>
            <param index="1">
              <value>
                <![CDATA["PhpTravels Test"]]>
              </value>
            </param>
          </params>
          <reporter-output>
          </reporter-output>
        </test-method> <!-- runScenario -->
        <test-method status="PASS" signature="runScenario(io.cucumber.testng.PickleEventWrapper, io.cucumber.testng.CucumberFeatureWrapper)[pri:0, instance:phptravels.runners.TestRunner@6276ae34]" name="runScenario" duration-ms="25969" started-at="2019-07-26T02:58:35Z" description="Runs Cucumber Scenarios" data-provider="scenarios" finished-at="2019-07-26T02:59:01Z">
          <params>
            <param index="0">
              <value>
                <![CDATA["Search Tours as Guest User"]]>
              </value>
            </param>
            <param index="1">
              <value>
                <![CDATA["PhpTravels Test"]]>
              </value>
            </param>
          </params>
          <reporter-output>
          </reporter-output>
        </test-method> <!-- runScenario -->
        <test-method status="PASS" signature="runScenario(io.cucumber.testng.PickleEventWrapper, io.cucumber.testng.CucumberFeatureWrapper)[pri:0, instance:phptravels.runners.TestRunner@6276ae34]" name="runScenario" duration-ms="15365" started-at="2019-07-26T02:59:01Z" description="Runs Cucumber Scenarios" data-provider="scenarios" finished-at="2019-07-26T02:59:17Z">
          <params>
            <param index="0">
              <value>
                <![CDATA["Search Cars as Guest User"]]>
              </value>
            </param>
            <param index="1">
              <value>
                <![CDATA["PhpTravels Test"]]>
              </value>
            </param>
          </params>
          <reporter-output>
          </reporter-output>
        </test-method> <!-- runScenario -->
        <test-method status="PASS" signature="runScenario(io.cucumber.testng.PickleEventWrapper, io.cucumber.testng.CucumberFeatureWrapper)[pri:0, instance:phptravels.runners.TestRunner@6276ae34]" name="runScenario" duration-ms="13550" started-at="2019-07-26T02:59:17Z" description="Runs Cucumber Scenarios" data-provider="scenarios" finished-at="2019-07-26T02:59:30Z">
          <params>
            <param index="0">
              <value>
                <![CDATA["Login"]]>
              </value>
            </param>
            <param index="1">
              <value>
                <![CDATA["PhpTravels Test"]]>
              </value>
            </param>
          </params>
          <reporter-output>
          </reporter-output>
        </test-method> <!-- runScenario -->
        <test-method status="PASS" signature="tearDownClass()[pri:0, instance:phptravels.runners.TestRunner@6276ae34]" name="tearDownClass" is-config="true" duration-ms="2" started-at="2019-07-26T02:59:30Z" finished-at="2019-07-26T02:59:30Z">
          <reporter-output>
          </reporter-output>
        </test-method> <!-- tearDownClass -->
      </class> <!-- phptravels.runners.TestRunner -->
    </test> <!-- PhpTravels -->
  </suite> <!-- Qualitest -->
</testng-results>
