<?xml version="1.0" encoding="UTF-8"?>
<!-- Generated by org.testng.reporters.JUnitXMLReporter -->
<testsuite hostname="INM-04039" ignored="0" name="PhpTravels" tests="6" failures="0" timestamp="26 Jul 2019 02:59:30 GMT" time="359.105" errors="0">
  <testcase name="runScenario" time="32.672" classname="io.cucumber.testng.AbstractTestNGCucumberTests"/>
  <testcase name="runScenario" time="11.1" classname="io.cucumber.testng.AbstractTestNGCucumberTests"/>
  <testcase name="runScenario" time="259.819" classname="io.cucumber.testng.AbstractTestNGCucumberTests"/>
  <testcase name="runScenario" time="25.969" classname="io.cucumber.testng.AbstractTestNGCucumberTests"/>
  <testcase name="runScenario" time="15.365" classname="io.cucumber.testng.AbstractTestNGCucumberTests"/>
  <testcase name="runScenario" time="13.55" classname="io.cucumber.testng.AbstractTestNGCucumberTests"/>
</testsuite> <!-- PhpTravels -->
