<?xml version="1.0" encoding="UTF-8"?>
<!-- Generated by org.testng.reporters.JUnitXMLReporter -->
<testsuite hostname="INM-04039" ignored="0" name="PhpTravels" tests="6" failures="0" timestamp="14 Aug 2019 07:25:51 GMT" time="213.204" errors="0">
  <testcase name="runScenario" time="53.18" classname="io.cucumber.testng.AbstractTestNGCucumberTests"/>
  <testcase name="runScenario" time="66.704" classname="io.cucumber.testng.AbstractTestNGCucumberTests"/>
  <testcase name="runScenario" time="34.57" classname="io.cucumber.testng.AbstractTestNGCucumberTests"/>
  <testcase name="runScenario" time="25.203" classname="io.cucumber.testng.AbstractTestNGCucumberTests"/>
  <testcase name="runScenario" time="20.067" classname="io.cucumber.testng.AbstractTestNGCucumberTests"/>
  <testcase name="runScenario" time="12.177" classname="io.cucumber.testng.AbstractTestNGCucumberTests"/>
</testsuite> <!-- PhpTravels -->
